<?xml version="1.0" encoding="UTF-8"?>
<!-- Generated by org.testng.reporters.JUnitXMLReporter -->
<testsuite ignored="0" hostname="DESKTOP-SKK0BBD" failures="0" tests="11" name="InstagramTests" time="85.763" errors="0" timestamp="2026-01-25T19:43:54 IST">
  <testcase classname="test.logintest" name="login" time="8.166"/>
  <testcase classname="test.searchtest" name="search" time="31.705"/>
  <testcase classname="test.searchtest" name="first" time="12.447"/>
  <testcase classname="test.profiletest" name="login" time="0.964"/>
  <testcase classname="test.profiletest" name="search" time="11.769"/>
  <testcase classname="test.profiletest" name="validateUsername" time="2.413"/>
  <testcase classname="test.profiletest" name="validateFollowButton" time="0.136"/>
  <testcase classname="test.profiletest" name="validateMessageIcon" time="0.071"/>
  <testcase classname="test.profiletest" name="validatePosts" time="0.156"/>
  <testcase classname="test.profiletest" name="validateSuggestions" time="1.116"/>
  <testcase classname="test.profiletest" name="clickFirstSuggestedAccount" time="0.407"/>
</testsuite> <!-- InstagramTests -->
