<?xml version="1.0" encoding="UTF-8"?>
<!-- Generated by org.testng.reporters.JUnitXMLReporter -->
<testsuite ignored="16" hostname="DESKTOP-SKK0BBD" failures="0" tests="9" name="Default test" time="154.717" errors="0" timestamp="2026-02-24T07:31:41 IST">
  <testcase classname="test.logintest" name="logintes" time="1.239"/>
  <testcase classname="test.searchtest" name="first" time="11.889"/>
  <testcase classname="test.useraccTest" name="checkProfileName" time="35.007"/>
  <testcase classname="test.postcreatetest" name="createPostFlow" time="37.64"/>
  <testcase classname="test.notesaddingtest" name="notesadd" time="19.057"/>
  <testcase classname="test.hometest" name="hime" time="3.212"/>
  <testcase classname="test.exploretest" name="explo" time="4.469"/>
  <testcase classname="test.profiletest" name="validateUsername" time="32.893"/>
  <testcase classname="test.settingstest" name="set" time="6.197"/>
  <testcase classname="instagram.instagram.basec" name="@AfterSuite tearDown" time="0.0">
    <ignored/>
  </testcase> <!-- @AfterSuite tearDown -->
  <testcase classname="instagram.instagram.basec" name="@AfterSuite tearDown" time="0.0">
    <ignored/>
  </testcase> <!-- @AfterSuite tearDown -->
  <testcase classname="instagram.instagram.basec" name="@BeforeSuite setUp" time="0.0">
    <ignored/>
  </testcase> <!-- @BeforeSuite setUp -->
  <testcase classname="instagram.instagram.basec" name="@BeforeSuite setUp" time="0.0">
    <ignored/>
  </testcase> <!-- @BeforeSuite setUp -->
  <testcase classname="instagram.instagram.basec" name="@AfterSuite tearDown" time="0.0">
    <ignored/>
  </testcase> <!-- @AfterSuite tearDown -->
  <testcase classname="instagram.instagram.basec" name="@BeforeSuite setUp" time="0.0">
    <ignored/>
  </testcase> <!-- @BeforeSuite setUp -->
  <testcase classname="instagram.instagram.basec" name="@BeforeSuite setUp" time="0.0">
    <ignored/>
  </testcase> <!-- @BeforeSuite setUp -->
  <testcase classname="instagram.instagram.basec" name="@BeforeSuite setUp" time="0.0">
    <ignored/>
  </testcase> <!-- @BeforeSuite setUp -->
  <testcase classname="instagram.instagram.basec" name="@BeforeSuite setUp" time="0.0">
    <ignored/>
  </testcase> <!-- @BeforeSuite setUp -->
  <testcase classname="instagram.instagram.basec" name="@AfterSuite tearDown" time="0.0">
    <ignored/>
  </testcase> <!-- @AfterSuite tearDown -->
  <testcase classname="instagram.instagram.basec" name="@AfterSuite tearDown" time="0.0">
    <ignored/>
  </testcase> <!-- @AfterSuite tearDown -->
  <testcase classname="instagram.instagram.basec" name="@AfterSuite tearDown" time="0.0">
    <ignored/>
  </testcase> <!-- @AfterSuite tearDown -->
  <testcase classname="instagram.instagram.basec" name="@AfterSuite tearDown" time="0.0">
    <ignored/>
  </testcase> <!-- @AfterSuite tearDown -->
  <testcase classname="instagram.instagram.basec" name="@AfterSuite tearDown" time="0.0">
    <ignored/>
  </testcase> <!-- @AfterSuite tearDown -->
  <testcase classname="instagram.instagram.basec" name="@BeforeSuite setUp" time="0.0">
    <ignored/>
  </testcase> <!-- @BeforeSuite setUp -->
  <testcase classname="instagram.instagram.basec" name="@BeforeSuite setUp" time="0.0">
    <ignored/>
  </testcase> <!-- @BeforeSuite setUp -->
</testsuite> <!-- Default test -->
